<?xml version="1.0" encoding="UTF-8"?>
<testsuite name="com.example.taskqueue.follow.repository.FollowRepositoryTest" tests="1" skipped="0" failures="0" errors="0" timestamp="2023-07-25T08:16:44" hostname="bagsiyeong-ui-MacBookAir.local" time="0.549">
  <properties/>
  <testcase name="followTest()" classname="com.example.taskqueue.follow.repository.FollowRepositoryTest" time="0.549"/>
  <system-out><![CDATA[17:16:34.484 [Test worker] DEBUG org.springframework.test.context.BootstrapUtils - Instantiating CacheAwareContextLoaderDelegate from class [org.springframework.test.context.cache.DefaultCacheAwareContextLoaderDelegate]
17:16:34.496 [Test worker] DEBUG org.springframework.test.context.BootstrapUtils - Instantiating BootstrapContext using constructor [public org.springframework.test.context.support.DefaultBootstrapContext(java.lang.Class,org.springframework.test.context.CacheAwareContextLoaderDelegate)]
17:16:34.559 [Test worker] DEBUG org.springframework.test.context.BootstrapUtils - Instantiating TestContextBootstrapper for test class [com.example.taskqueue.follow.repository.FollowRepositoryTest] from class [org.springframework.boot.test.context.SpringBootTestContextBootstrapper]
17:16:34.571 [Test worker] INFO org.springframework.boot.test.context.SpringBootTestContextBootstrapper - Neither @ContextConfiguration nor @ContextHierarchy found for test class [com.example.taskqueue.follow.repository.FollowRepositoryTest], using SpringBootContextLoader
17:16:34.577 [Test worker] DEBUG org.springframework.test.context.support.AbstractContextLoader - Did not detect default resource location for test class [com.example.taskqueue.follow.repository.FollowRepositoryTest]: class path resource [com/example/taskqueue/follow/repository/FollowRepositoryTest-context.xml] does not exist
17:16:34.578 [Test worker] DEBUG org.springframework.test.context.support.AbstractContextLoader - Did not detect default resource location for test class [com.example.taskqueue.follow.repository.FollowRepositoryTest]: class path resource [com/example/taskqueue/follow/repository/FollowRepositoryTestContext.groovy] does not exist
17:16:34.579 [Test worker] INFO org.springframework.test.context.support.AbstractContextLoader - Could not detect default resource locations for test class [com.example.taskqueue.follow.repository.FollowRepositoryTest]: no resource found for suffixes {-context.xml, Context.groovy}.
17:16:34.579 [Test worker] INFO org.springframework.test.context.support.AnnotationConfigContextLoaderUtils - Could not detect default configuration classes for test class [com.example.taskqueue.follow.repository.FollowRepositoryTest]: FollowRepositoryTest does not declare any static, non-private, non-final, nested classes annotated with @Configuration.
17:16:34.638 [Test worker] DEBUG org.springframework.test.context.support.ActiveProfilesUtils - Could not find an 'annotation declaring class' for annotation type [org.springframework.test.context.ActiveProfiles] and class [com.example.taskqueue.follow.repository.FollowRepositoryTest]
17:16:34.748 [Test worker] DEBUG org.springframework.context.annotation.ClassPathScanningCandidateComponentProvider - Identified candidate component class: file [/Users/parksiyoung/Desktop/Back-End/build/classes/java/main/com/example/taskqueue/TaskqueueApplication.class]
17:16:34.750 [Test worker] INFO org.springframework.boot.test.context.SpringBootTestContextBootstrapper - Found @SpringBootConfiguration com.example.taskqueue.TaskqueueApplication for test class com.example.taskqueue.follow.repository.FollowRepositoryTest
17:16:34.861 [Test worker] DEBUG org.springframework.boot.test.context.SpringBootTestContextBootstrapper - @TestExecutionListeners is not present for class [com.example.taskqueue.follow.repository.FollowRepositoryTest]: using defaults.
17:16:34.861 [Test worker] INFO org.springframework.boot.test.context.SpringBootTestContextBootstrapper - Loaded default TestExecutionListener class names from location [META-INF/spring.factories]: [org.springframework.security.test.context.support.WithSecurityContextTestExecutionListener, org.springframework.security.test.context.support.ReactorContextTestExecutionListener, org.springframework.boot.test.autoconfigure.restdocs.RestDocsTestExecutionListener, org.springframework.boot.test.autoconfigure.web.client.MockRestServiceServerResetTestExecutionListener, org.springframework.boot.test.autoconfigure.web.servlet.MockMvcPrintOnlyOnFailureTestExecutionListener, org.springframework.boot.test.autoconfigure.web.servlet.WebDriverTestExecutionListener, org.springframework.boot.test.autoconfigure.webservices.client.MockWebServiceServerTestExecutionListener, org.springframework.boot.test.mock.mockito.MockitoTestExecutionListener, org.springframework.boot.test.mock.mockito.ResetMocksTestExecutionListener, org.springframework.test.context.web.ServletTestExecutionListener, org.springframework.test.context.support.DirtiesContextBeforeModesTestExecutionListener, org.springframework.test.context.event.ApplicationEventsTestExecutionListener, org.springframework.test.context.support.DependencyInjectionTestExecutionListener, org.springframework.test.context.support.DirtiesContextTestExecutionListener, org.springframework.test.context.transaction.TransactionalTestExecutionListener, org.springframework.test.context.jdbc.SqlScriptsTestExecutionListener, org.springframework.test.context.event.EventPublishingTestExecutionListener]
17:16:34.878 [Test worker] INFO org.springframework.boot.test.context.SpringBootTestContextBootstrapper - Using TestExecutionListeners: [org.springframework.test.context.web.ServletTestExecutionListener@74d7184a, org.springframework.test.context.support.DirtiesContextBeforeModesTestExecutionListener@51b01960, org.springframework.test.context.event.ApplicationEventsTestExecutionListener@6831d8fd, org.springframework.boot.test.mock.mockito.MockitoTestExecutionListener@27dc79f7, org.springframework.boot.test.autoconfigure.SpringBootDependencyInjectionTestExecutionListener@6b85300e, org.springframework.test.context.support.DirtiesContextTestExecutionListener@3aaf4f07, org.springframework.test.context.transaction.TransactionalTestExecutionListener@5cbf9e9f, org.springframework.test.context.jdbc.SqlScriptsTestExecutionListener@18e8473e, org.springframework.security.test.context.support.WithSecurityContextTestExecutionListener@5a2f016d, org.springframework.test.context.event.EventPublishingTestExecutionListener@1a38ba58, org.springframework.security.test.context.support.ReactorContextTestExecutionListener@3ad394e6, org.springframework.boot.test.autoconfigure.restdocs.RestDocsTestExecutionListener@6058e535, org.springframework.boot.test.autoconfigure.web.client.MockRestServiceServerResetTestExecutionListener@42deb43a, org.springframework.boot.test.autoconfigure.web.servlet.MockMvcPrintOnlyOnFailureTestExecutionListener@1deb2c43, org.springframework.boot.test.autoconfigure.web.servlet.WebDriverTestExecutionListener@3bb9efbc, org.springframework.boot.test.autoconfigure.webservices.client.MockWebServiceServerTestExecutionListener@1cefc4b3, org.springframework.boot.test.mock.mockito.ResetMocksTestExecutionListener@2b27cc70]
17:16:34.883 [Test worker] DEBUG org.springframework.test.context.support.AbstractDirtiesContextTestExecutionListener - Before test class: context [DefaultTestContext@7692cd34 testClass = FollowRepositoryTest, testInstance = [null], testMethod = [null], testException = [null], mergedContextConfiguration = [WebMergedContextConfiguration@33aa93c testClass = FollowRepositoryTest, locations = '{}', classes = '{class com.example.taskqueue.TaskqueueApplication}', contextInitializerClasses = '[]', activeProfiles = '{}', propertySourceLocations = '{}', propertySourceProperties = '{org.springframework.boot.test.context.SpringBootTestContextBootstrapper=true}', contextCustomizers = set[org.springframework.boot.test.autoconfigure.actuate.metrics.MetricsExportContextCustomizerFactory$DisableMetricExportContextCustomizer@201b6b6f, org.springframework.boot.test.autoconfigure.properties.PropertyMappingContextCustomizer@0, org.springframework.boot.test.autoconfigure.web.servlet.WebDriverContextCustomizerFactory$Customizer@18230356, org.springframework.boot.test.context.filter.ExcludeFilterContextCustomizer@60d1a32f, org.springframework.boot.test.json.DuplicateJsonObjectContextCustomizerFactory$DuplicateJsonObjectContextCustomizer@40c80397, org.springframework.boot.test.mock.mockito.MockitoContextCustomizer@0, org.springframework.boot.test.web.client.TestRestTemplateContextCustomizer@47db5fa5, org.springframework.boot.test.context.SpringBootTestArgs@1, org.springframework.boot.test.context.SpringBootTestWebEnvironment@2462cb01], resourceBasePath = 'src/main/webapp', contextLoader = 'org.springframework.boot.test.context.SpringBootContextLoader', parent = [null]], attributes = map['org.springframework.test.context.web.ServletTestExecutionListener.activateListener' -> true]], class annotated with @DirtiesContext [false] with mode [null].

  .   ____          _            __ _ _
 /\\ / ___'_ __ _ _(_)_ __  __ _ \ \ \ \
( ( )\___ | '_ | '_| | '_ \/ _` | \ \ \ \
 \\/  ___)| |_)| | | | | || (_| |  ) ) ) )
  '  |____| .__|_| |_|_| |_\__, | / / / /
 =========|_|==============|___/=/_/_/_/
 :: Spring Boot ::               (v2.7.13)

2023-07-25 17:16:35.777  INFO 59159 --- [    Test worker] c.e.t.f.repository.FollowRepositoryTest  : Starting FollowRepositoryTest using Java 11.0.14 on bagsiyeong-ui-MacBookAir.local with PID 59159 (started by parksiyoung in /Users/parksiyoung/Desktop/Back-End)
2023-07-25 17:16:35.780  INFO 59159 --- [    Test worker] c.e.t.f.repository.FollowRepositoryTest  : No active profile set, falling back to 1 default profile: "default"
2023-07-25 17:16:37.404  INFO 59159 --- [    Test worker] .s.d.r.c.RepositoryConfigurationDelegate : Bootstrapping Spring Data JPA repositories in DEFAULT mode.
2023-07-25 17:16:37.504  INFO 59159 --- [    Test worker] .s.d.r.c.RepositoryConfigurationDelegate : Finished Spring Data repository scanning in 93 ms. Found 3 JPA repository interfaces.
2023-07-25 17:16:38.556  INFO 59159 --- [    Test worker] o.hibernate.jpa.internal.util.LogHelper  : HHH000204: Processing PersistenceUnitInfo [name: default]
2023-07-25 17:16:38.608  INFO 59159 --- [    Test worker] org.hibernate.Version                    : HHH000412: Hibernate ORM core version 5.6.15.Final
2023-07-25 17:16:38.779  INFO 59159 --- [    Test worker] o.hibernate.annotations.common.Version   : HCANN000001: Hibernate Commons Annotations {5.1.2.Final}
2023-07-25 17:16:38.912  INFO 59159 --- [    Test worker] com.zaxxer.hikari.HikariDataSource       : HikariPool-1 - Starting...
2023-07-25 17:16:39.047  INFO 59159 --- [    Test worker] com.zaxxer.hikari.HikariDataSource       : HikariPool-1 - Start completed.
2023-07-25 17:16:39.078  INFO 59159 --- [    Test worker] org.hibernate.dialect.Dialect            : HHH000400: Using dialect: org.hibernate.dialect.H2Dialect
2023-07-25 17:16:40.066  INFO 59159 --- [    Test worker] o.h.e.t.j.p.i.JtaPlatformInitiator       : HHH000490: Using JtaPlatform implementation: [org.hibernate.engine.transaction.jta.platform.internal.NoJtaPlatform]
2023-07-25 17:16:40.079  INFO 59159 --- [    Test worker] j.LocalContainerEntityManagerFactoryBean : Initialized JPA EntityManagerFactory for persistence unit 'default'
2023-07-25 17:16:41.627  WARN 59159 --- [    Test worker] JpaBaseConfiguration$JpaWebConfiguration : spring.jpa.open-in-view is enabled by default. Therefore, database queries may be performed during view rendering. Explicitly configure spring.jpa.open-in-view to disable this warning
2023-07-25 17:16:43.926  WARN 59159 --- [    Test worker] .s.s.UserDetailsServiceAutoConfiguration : 

Using generated security password: 833221a1-4756-4edc-aca3-34f135340ad4

This generated password is for development use only. Your security configuration must be updated before running your application in production.

2023-07-25 17:16:44.205  INFO 59159 --- [    Test worker] o.s.s.web.DefaultSecurityFilterChain     : Will secure any request with [org.springframework.security.web.session.DisableEncodeUrlFilter@4af0ae2c, org.springframework.security.web.context.request.async.WebAsyncManagerIntegrationFilter@13446044, org.springframework.security.web.context.SecurityContextPersistenceFilter@14e54a35, org.springframework.security.web.header.HeaderWriterFilter@5d1d05ff, org.springframework.security.web.csrf.CsrfFilter@74fd5fb0, org.springframework.security.web.authentication.logout.LogoutFilter@6020cd42, org.springframework.security.web.authentication.UsernamePasswordAuthenticationFilter@14a488ed, org.springframework.security.web.authentication.ui.DefaultLoginPageGeneratingFilter@5e38329d, org.springframework.security.web.authentication.ui.DefaultLogoutPageGeneratingFilter@705ebb4d, org.springframework.security.web.authentication.www.BasicAuthenticationFilter@333d5a0c, org.springframework.security.web.savedrequest.RequestCacheAwareFilter@49522bdf, org.springframework.security.web.servletapi.SecurityContextHolderAwareRequestFilter@77587422, org.springframework.security.web.authentication.AnonymousAuthenticationFilter@32a29361, org.springframework.security.web.session.SessionManagementFilter@48064a5a, org.springframework.security.web.access.ExceptionTranslationFilter@27f6e2c3, org.springframework.security.web.access.intercept.FilterSecurityInterceptor@741687d4]
2023-07-25 17:16:44.380  INFO 59159 --- [    Test worker] c.e.t.f.repository.FollowRepositoryTest  : Started FollowRepositoryTest in 9.366 seconds (JVM running for 11.337)
2023-07-25 17:16:44.455  INFO 59159 --- [    Test worker] o.s.t.c.transaction.TransactionContext   : Began transaction (1) for test context [DefaultTestContext@7692cd34 testClass = FollowRepositoryTest, testInstance = com.example.taskqueue.follow.repository.FollowRepositoryTest@5653429e, testMethod = followTest@FollowRepositoryTest, testException = [null], mergedContextConfiguration = [WebMergedContextConfiguration@33aa93c testClass = FollowRepositoryTest, locations = '{}', classes = '{class com.example.taskqueue.TaskqueueApplication}', contextInitializerClasses = '[]', activeProfiles = '{}', propertySourceLocations = '{}', propertySourceProperties = '{org.springframework.boot.test.context.SpringBootTestContextBootstrapper=true}', contextCustomizers = set[org.springframework.boot.test.autoconfigure.actuate.metrics.MetricsExportContextCustomizerFactory$DisableMetricExportContextCustomizer@201b6b6f, org.springframework.boot.test.autoconfigure.properties.PropertyMappingContextCustomizer@0, org.springframework.boot.test.autoconfigure.web.servlet.WebDriverContextCustomizerFactory$Customizer@18230356, org.springframework.boot.test.context.filter.ExcludeFilterContextCustomizer@60d1a32f, org.springframework.boot.test.json.DuplicateJsonObjectContextCustomizerFactory$DuplicateJsonObjectContextCustomizer@40c80397, org.springframework.boot.test.mock.mockito.MockitoContextCustomizer@0, org.springframework.boot.test.web.client.TestRestTemplateContextCustomizer@47db5fa5, org.springframework.boot.test.context.SpringBootTestArgs@1, org.springframework.boot.test.context.SpringBootTestWebEnvironment@2462cb01], resourceBasePath = 'src/main/webapp', contextLoader = 'org.springframework.boot.test.context.SpringBootContextLoader', parent = [null]], attributes = map['org.springframework.test.context.web.ServletTestExecutionListener.activateListener' -> true, 'org.springframework.test.context.web.ServletTestExecutionListener.populatedRequestContextHolder' -> true, 'org.springframework.test.context.web.ServletTestExecutionListener.resetRequestContextHolder' -> true, 'org.springframework.test.context.event.ApplicationEventsTestExecutionListener.recordApplicationEvents' -> false]]; transaction manager [org.springframework.orm.jpa.JpaTransactionManager@77e64a46]; rollback [true]
following = 2
following = 3
follower = 4
2023-07-25 17:16:44.967  INFO 59159 --- [    Test worker] o.s.t.c.transaction.TransactionContext   : Rolled back transaction for test: [DefaultTestContext@7692cd34 testClass = FollowRepositoryTest, testInstance = com.example.taskqueue.follow.repository.FollowRepositoryTest@5653429e, testMethod = followTest@FollowRepositoryTest, testException = [null], mergedContextConfiguration = [WebMergedContextConfiguration@33aa93c testClass = FollowRepositoryTest, locations = '{}', classes = '{class com.example.taskqueue.TaskqueueApplication}', contextInitializerClasses = '[]', activeProfiles = '{}', propertySourceLocations = '{}', propertySourceProperties = '{org.springframework.boot.test.context.SpringBootTestContextBootstrapper=true}', contextCustomizers = set[org.springframework.boot.test.autoconfigure.actuate.metrics.MetricsExportContextCustomizerFactory$DisableMetricExportContextCustomizer@201b6b6f, org.springframework.boot.test.autoconfigure.properties.PropertyMappingContextCustomizer@0, org.springframework.boot.test.autoconfigure.web.servlet.WebDriverContextCustomizerFactory$Customizer@18230356, org.springframework.boot.test.context.filter.ExcludeFilterContextCustomizer@60d1a32f, org.springframework.boot.test.json.DuplicateJsonObjectContextCustomizerFactory$DuplicateJsonObjectContextCustomizer@40c80397, org.springframework.boot.test.mock.mockito.MockitoContextCustomizer@0, org.springframework.boot.test.web.client.TestRestTemplateContextCustomizer@47db5fa5, org.springframework.boot.test.context.SpringBootTestArgs@1, org.springframework.boot.test.context.SpringBootTestWebEnvironment@2462cb01], resourceBasePath = 'src/main/webapp', contextLoader = 'org.springframework.boot.test.context.SpringBootContextLoader', parent = [null]], attributes = map['org.springframework.test.context.web.ServletTestExecutionListener.activateListener' -> true, 'org.springframework.test.context.web.ServletTestExecutionListener.populatedRequestContextHolder' -> true, 'org.springframework.test.context.web.ServletTestExecutionListener.resetRequestContextHolder' -> true, 'org.springframework.test.context.event.ApplicationEventsTestExecutionListener.recordApplicationEvents' -> false]]
]]></system-out>
  <system-err><![CDATA[]]></system-err>
</testsuite>
