<?xml version="1.0" encoding="UTF-8"?>
<testsuite name="com.example.taskqueue.category.repository.CategoryRepositoryTest" tests="1" skipped="0" failures="0" errors="0" timestamp="2023-07-25T12:37:12" hostname="jisang-eun-ui-MacBookAir.local" time="0.444">
  <properties/>
  <testcase name="getCategory()" classname="com.example.taskqueue.category.repository.CategoryRepositoryTest" time="0.444"/>
  <system-out><![CDATA[21:36:57.585 [Test worker] DEBUG org.springframework.test.context.BootstrapUtils - Instantiating CacheAwareContextLoaderDelegate from class [org.springframework.test.context.cache.DefaultCacheAwareContextLoaderDelegate]
21:36:57.606 [Test worker] DEBUG org.springframework.test.context.BootstrapUtils - Instantiating BootstrapContext using constructor [public org.springframework.test.context.support.DefaultBootstrapContext(java.lang.Class,org.springframework.test.context.CacheAwareContextLoaderDelegate)]
21:36:57.695 [Test worker] DEBUG org.springframework.test.context.BootstrapUtils - Instantiating TestContextBootstrapper for test class [com.example.taskqueue.category.repository.CategoryRepositoryTest] from class [org.springframework.boot.test.context.SpringBootTestContextBootstrapper]
21:36:57.722 [Test worker] INFO org.springframework.boot.test.context.SpringBootTestContextBootstrapper - Neither @ContextConfiguration nor @ContextHierarchy found for test class [com.example.taskqueue.category.repository.CategoryRepositoryTest], using SpringBootContextLoader
21:36:57.731 [Test worker] DEBUG org.springframework.test.context.support.AbstractContextLoader - Did not detect default resource location for test class [com.example.taskqueue.category.repository.CategoryRepositoryTest]: class path resource [com/example/taskqueue/category/repository/CategoryRepositoryTest-context.xml] does not exist
21:36:57.732 [Test worker] DEBUG org.springframework.test.context.support.AbstractContextLoader - Did not detect default resource location for test class [com.example.taskqueue.category.repository.CategoryRepositoryTest]: class path resource [com/example/taskqueue/category/repository/CategoryRepositoryTestContext.groovy] does not exist
21:36:57.732 [Test worker] INFO org.springframework.test.context.support.AbstractContextLoader - Could not detect default resource locations for test class [com.example.taskqueue.category.repository.CategoryRepositoryTest]: no resource found for suffixes {-context.xml, Context.groovy}.
21:36:57.733 [Test worker] INFO org.springframework.test.context.support.AnnotationConfigContextLoaderUtils - Could not detect default configuration classes for test class [com.example.taskqueue.category.repository.CategoryRepositoryTest]: CategoryRepositoryTest does not declare any static, non-private, non-final, nested classes annotated with @Configuration.
21:36:57.828 [Test worker] DEBUG org.springframework.test.context.support.ActiveProfilesUtils - Could not find an 'annotation declaring class' for annotation type [org.springframework.test.context.ActiveProfiles] and class [com.example.taskqueue.category.repository.CategoryRepositoryTest]
21:36:57.971 [Test worker] DEBUG org.springframework.context.annotation.ClassPathScanningCandidateComponentProvider - Identified candidate component class: file [/Users/sangeun/tasque/Back-End/build/classes/java/main/com/example/taskqueue/TaskqueueApplication.class]
21:36:57.973 [Test worker] INFO org.springframework.boot.test.context.SpringBootTestContextBootstrapper - Found @SpringBootConfiguration com.example.taskqueue.TaskqueueApplication for test class com.example.taskqueue.category.repository.CategoryRepositoryTest
21:36:58.128 [Test worker] DEBUG org.springframework.boot.test.context.SpringBootTestContextBootstrapper - @TestExecutionListeners is not present for class [com.example.taskqueue.category.repository.CategoryRepositoryTest]: using defaults.
21:36:58.128 [Test worker] INFO org.springframework.boot.test.context.SpringBootTestContextBootstrapper - Loaded default TestExecutionListener class names from location [META-INF/spring.factories]: [org.springframework.security.test.context.support.WithSecurityContextTestExecutionListener, org.springframework.security.test.context.support.ReactorContextTestExecutionListener, org.springframework.boot.test.autoconfigure.restdocs.RestDocsTestExecutionListener, org.springframework.boot.test.autoconfigure.web.client.MockRestServiceServerResetTestExecutionListener, org.springframework.boot.test.autoconfigure.web.servlet.MockMvcPrintOnlyOnFailureTestExecutionListener, org.springframework.boot.test.autoconfigure.web.servlet.WebDriverTestExecutionListener, org.springframework.boot.test.autoconfigure.webservices.client.MockWebServiceServerTestExecutionListener, org.springframework.boot.test.mock.mockito.MockitoTestExecutionListener, org.springframework.boot.test.mock.mockito.ResetMocksTestExecutionListener, org.springframework.test.context.web.ServletTestExecutionListener, org.springframework.test.context.support.DirtiesContextBeforeModesTestExecutionListener, org.springframework.test.context.event.ApplicationEventsTestExecutionListener, org.springframework.test.context.support.DependencyInjectionTestExecutionListener, org.springframework.test.context.support.DirtiesContextTestExecutionListener, org.springframework.test.context.transaction.TransactionalTestExecutionListener, org.springframework.test.context.jdbc.SqlScriptsTestExecutionListener, org.springframework.test.context.event.EventPublishingTestExecutionListener]
21:36:58.164 [Test worker] INFO org.springframework.boot.test.context.SpringBootTestContextBootstrapper - Using TestExecutionListeners: [org.springframework.test.context.web.ServletTestExecutionListener@6b85300e, org.springframework.test.context.support.DirtiesContextBeforeModesTestExecutionListener@3aaf4f07, org.springframework.test.context.event.ApplicationEventsTestExecutionListener@5cbf9e9f, org.springframework.boot.test.mock.mockito.MockitoTestExecutionListener@18e8473e, org.springframework.boot.test.autoconfigure.SpringBootDependencyInjectionTestExecutionListener@5a2f016d, org.springframework.test.context.support.DirtiesContextTestExecutionListener@1a38ba58, org.springframework.test.context.transaction.TransactionalTestExecutionListener@3ad394e6, org.springframework.test.context.jdbc.SqlScriptsTestExecutionListener@6058e535, org.springframework.security.test.context.support.WithSecurityContextTestExecutionListener@42deb43a, org.springframework.test.context.event.EventPublishingTestExecutionListener@1deb2c43, org.springframework.security.test.context.support.ReactorContextTestExecutionListener@3bb9efbc, org.springframework.boot.test.autoconfigure.restdocs.RestDocsTestExecutionListener@1cefc4b3, org.springframework.boot.test.autoconfigure.web.client.MockRestServiceServerResetTestExecutionListener@2b27cc70, org.springframework.boot.test.autoconfigure.web.servlet.MockMvcPrintOnlyOnFailureTestExecutionListener@6f6a7463, org.springframework.boot.test.autoconfigure.web.servlet.WebDriverTestExecutionListener@1bdaa23d, org.springframework.boot.test.autoconfigure.webservices.client.MockWebServiceServerTestExecutionListener@79f227a9, org.springframework.boot.test.mock.mockito.ResetMocksTestExecutionListener@6ca320ab]
21:36:58.170 [Test worker] DEBUG org.springframework.test.context.support.AbstractDirtiesContextTestExecutionListener - Before test class: context [DefaultTestContext@70f43b45 testClass = CategoryRepositoryTest, testInstance = [null], testMethod = [null], testException = [null], mergedContextConfiguration = [WebMergedContextConfiguration@26d10f2e testClass = CategoryRepositoryTest, locations = '{}', classes = '{class com.example.taskqueue.TaskqueueApplication}', contextInitializerClasses = '[]', activeProfiles = '{}', propertySourceLocations = '{}', propertySourceProperties = '{org.springframework.boot.test.context.SpringBootTestContextBootstrapper=true}', contextCustomizers = set[org.springframework.boot.test.autoconfigure.actuate.metrics.MetricsExportContextCustomizerFactory$DisableMetricExportContextCustomizer@3e5499cc, org.springframework.boot.test.autoconfigure.properties.PropertyMappingContextCustomizer@0, org.springframework.boot.test.autoconfigure.web.servlet.WebDriverContextCustomizerFactory$Customizer@75e91545, org.springframework.boot.test.context.filter.ExcludeFilterContextCustomizer@726e5805, org.springframework.boot.test.json.DuplicateJsonObjectContextCustomizerFactory$DuplicateJsonObjectContextCustomizer@ed3068a, org.springframework.boot.test.mock.mockito.MockitoContextCustomizer@0, org.springframework.boot.test.web.client.TestRestTemplateContextCustomizer@5b43fbf6, org.springframework.boot.test.context.SpringBootTestArgs@1, org.springframework.boot.test.context.SpringBootTestWebEnvironment@1b410b60], resourceBasePath = 'src/main/webapp', contextLoader = 'org.springframework.boot.test.context.SpringBootContextLoader', parent = [null]], attributes = map['org.springframework.test.context.web.ServletTestExecutionListener.activateListener' -> true]], class annotated with @DirtiesContext [false] with mode [null].

  .   ____          _            __ _ _
 /\\ / ___'_ __ _ _(_)_ __  __ _ \ \ \ \
( ( )\___ | '_ | '_| | '_ \/ _` | \ \ \ \
 \\/  ___)| |_)| | | | | || (_| |  ) ) ) )
  '  |____| .__|_| |_|_| |_\__, | / / / /
 =========|_|==============|___/=/_/_/_/
 :: Spring Boot ::               (v2.7.13)

2023-07-25 21:36:59.405  INFO 60836 --- [    Test worker] c.e.t.c.r.CategoryRepositoryTest         : Starting CategoryRepositoryTest using Java 11.0.14 on jisang-eun-ui-MacBookAir.local with PID 60836 (started by sangeun in /Users/sangeun/tasque/Back-End)
2023-07-25 21:36:59.413  INFO 60836 --- [    Test worker] c.e.t.c.r.CategoryRepositoryTest         : No active profile set, falling back to 1 default profile: "default"
2023-07-25 21:37:01.892  INFO 60836 --- [    Test worker] .s.d.r.c.RepositoryConfigurationDelegate : Bootstrapping Spring Data JPA repositories in DEFAULT mode.
2023-07-25 21:37:02.016  INFO 60836 --- [    Test worker] .s.d.r.c.RepositoryConfigurationDelegate : Finished Spring Data repository scanning in 113 ms. Found 3 JPA repository interfaces.
2023-07-25 21:37:03.536  INFO 60836 --- [    Test worker] o.hibernate.jpa.internal.util.LogHelper  : HHH000204: Processing PersistenceUnitInfo [name: default]
2023-07-25 21:37:03.623  INFO 60836 --- [    Test worker] org.hibernate.Version                    : HHH000412: Hibernate ORM core version 5.6.15.Final
2023-07-25 21:37:03.941  INFO 60836 --- [    Test worker] o.hibernate.annotations.common.Version   : HCANN000001: Hibernate Commons Annotations {5.1.2.Final}
2023-07-25 21:37:04.137  INFO 60836 --- [    Test worker] com.zaxxer.hikari.HikariDataSource       : HikariPool-1 - Starting...
2023-07-25 21:37:04.304  INFO 60836 --- [    Test worker] com.zaxxer.hikari.HikariDataSource       : HikariPool-1 - Start completed.
2023-07-25 21:37:04.351  INFO 60836 --- [    Test worker] org.hibernate.dialect.Dialect            : HHH000400: Using dialect: org.hibernate.dialect.H2Dialect
2023-07-25 21:37:05.960  INFO 60836 --- [    Test worker] o.h.e.t.j.p.i.JtaPlatformInitiator       : HHH000490: Using JtaPlatform implementation: [org.hibernate.engine.transaction.jta.platform.internal.NoJtaPlatform]
2023-07-25 21:37:05.999  INFO 60836 --- [    Test worker] j.LocalContainerEntityManagerFactoryBean : Initialized JPA EntityManagerFactory for persistence unit 'default'
2023-07-25 21:37:08.100  WARN 60836 --- [    Test worker] JpaBaseConfiguration$JpaWebConfiguration : spring.jpa.open-in-view is enabled by default. Therefore, database queries may be performed during view rendering. Explicitly configure spring.jpa.open-in-view to disable this warning
2023-07-25 21:37:11.552  WARN 60836 --- [    Test worker] .s.s.UserDetailsServiceAutoConfiguration : 

Using generated security password: 1737f63e-9fbc-487b-8473-0eae0a50df05

This generated password is for development use only. Your security configuration must be updated before running your application in production.

2023-07-25 21:37:11.834  INFO 60836 --- [    Test worker] o.s.s.web.DefaultSecurityFilterChain     : Will secure any request with [org.springframework.security.web.session.DisableEncodeUrlFilter@2f53e07d, org.springframework.security.web.context.request.async.WebAsyncManagerIntegrationFilter@5c3ad125, org.springframework.security.web.context.SecurityContextPersistenceFilter@c6a1be2, org.springframework.security.web.header.HeaderWriterFilter@eea69a9, org.springframework.security.web.csrf.CsrfFilter@31f4fdc5, org.springframework.security.web.authentication.logout.LogoutFilter@10acfe30, org.springframework.security.web.authentication.UsernamePasswordAuthenticationFilter@72ea5674, org.springframework.security.web.authentication.ui.DefaultLoginPageGeneratingFilter@2862bac6, org.springframework.security.web.authentication.ui.DefaultLogoutPageGeneratingFilter@145ce025, org.springframework.security.web.authentication.www.BasicAuthenticationFilter@56ece9c, org.springframework.security.web.savedrequest.RequestCacheAwareFilter@138110f8, org.springframework.security.web.servletapi.SecurityContextHolderAwareRequestFilter@4fe8ac61, org.springframework.security.web.authentication.AnonymousAuthenticationFilter@1deca369, org.springframework.security.web.session.SessionManagementFilter@5edd2170, org.springframework.security.web.access.ExceptionTranslationFilter@cf82c58, org.springframework.security.web.access.intercept.FilterSecurityInterceptor@58dd1d0c]
2023-07-25 21:37:12.020  INFO 60836 --- [    Test worker] c.e.t.c.r.CategoryRepositoryTest         : Started CategoryRepositoryTest in 13.674 seconds (JVM running for 16.302)
2023-07-25 21:37:12.099  INFO 60836 --- [    Test worker] o.s.t.c.transaction.TransactionContext   : Began transaction (1) for test context [DefaultTestContext@70f43b45 testClass = CategoryRepositoryTest, testInstance = com.example.taskqueue.category.repository.CategoryRepositoryTest@49f32bcb, testMethod = getCategory@CategoryRepositoryTest, testException = [null], mergedContextConfiguration = [WebMergedContextConfiguration@26d10f2e testClass = CategoryRepositoryTest, locations = '{}', classes = '{class com.example.taskqueue.TaskqueueApplication}', contextInitializerClasses = '[]', activeProfiles = '{}', propertySourceLocations = '{}', propertySourceProperties = '{org.springframework.boot.test.context.SpringBootTestContextBootstrapper=true}', contextCustomizers = set[org.springframework.boot.test.autoconfigure.actuate.metrics.MetricsExportContextCustomizerFactory$DisableMetricExportContextCustomizer@3e5499cc, org.springframework.boot.test.autoconfigure.properties.PropertyMappingContextCustomizer@0, org.springframework.boot.test.autoconfigure.web.servlet.WebDriverContextCustomizerFactory$Customizer@75e91545, org.springframework.boot.test.context.filter.ExcludeFilterContextCustomizer@726e5805, org.springframework.boot.test.json.DuplicateJsonObjectContextCustomizerFactory$DuplicateJsonObjectContextCustomizer@ed3068a, org.springframework.boot.test.mock.mockito.MockitoContextCustomizer@0, org.springframework.boot.test.web.client.TestRestTemplateContextCustomizer@5b43fbf6, org.springframework.boot.test.context.SpringBootTestArgs@1, org.springframework.boot.test.context.SpringBootTestWebEnvironment@1b410b60], resourceBasePath = 'src/main/webapp', contextLoader = 'org.springframework.boot.test.context.SpringBootContextLoader', parent = [null]], attributes = map['org.springframework.test.context.web.ServletTestExecutionListener.activateListener' -> true, 'org.springframework.test.context.web.ServletTestExecutionListener.populatedRequestContextHolder' -> true, 'org.springframework.test.context.web.ServletTestExecutionListener.resetRequestContextHolder' -> true, 'org.springframework.test.context.event.ApplicationEventsTestExecutionListener.recordApplicationEvents' -> false]]; transaction manager [org.springframework.orm.jpa.JpaTransactionManager@2a49753]; rollback [true]
2023-07-25 21:37:12.511  INFO 60836 --- [    Test worker] o.s.t.c.transaction.TransactionContext   : Rolled back transaction for test: [DefaultTestContext@70f43b45 testClass = CategoryRepositoryTest, testInstance = com.example.taskqueue.category.repository.CategoryRepositoryTest@49f32bcb, testMethod = getCategory@CategoryRepositoryTest, testException = [null], mergedContextConfiguration = [WebMergedContextConfiguration@26d10f2e testClass = CategoryRepositoryTest, locations = '{}', classes = '{class com.example.taskqueue.TaskqueueApplication}', contextInitializerClasses = '[]', activeProfiles = '{}', propertySourceLocations = '{}', propertySourceProperties = '{org.springframework.boot.test.context.SpringBootTestContextBootstrapper=true}', contextCustomizers = set[org.springframework.boot.test.autoconfigure.actuate.metrics.MetricsExportContextCustomizerFactory$DisableMetricExportContextCustomizer@3e5499cc, org.springframework.boot.test.autoconfigure.properties.PropertyMappingContextCustomizer@0, org.springframework.boot.test.autoconfigure.web.servlet.WebDriverContextCustomizerFactory$Customizer@75e91545, org.springframework.boot.test.context.filter.ExcludeFilterContextCustomizer@726e5805, org.springframework.boot.test.json.DuplicateJsonObjectContextCustomizerFactory$DuplicateJsonObjectContextCustomizer@ed3068a, org.springframework.boot.test.mock.mockito.MockitoContextCustomizer@0, org.springframework.boot.test.web.client.TestRestTemplateContextCustomizer@5b43fbf6, org.springframework.boot.test.context.SpringBootTestArgs@1, org.springframework.boot.test.context.SpringBootTestWebEnvironment@1b410b60], resourceBasePath = 'src/main/webapp', contextLoader = 'org.springframework.boot.test.context.SpringBootContextLoader', parent = [null]], attributes = map['org.springframework.test.context.web.ServletTestExecutionListener.activateListener' -> true, 'org.springframework.test.context.web.ServletTestExecutionListener.populatedRequestContextHolder' -> true, 'org.springframework.test.context.web.ServletTestExecutionListener.resetRequestContextHolder' -> true, 'org.springframework.test.context.event.ApplicationEventsTestExecutionListener.recordApplicationEvents' -> false]]
]]></system-out>
  <system-err><![CDATA[]]></system-err>
</testsuite>
